<?xml version="1.0" encoding="UTF-8"?>
<testsuite xmlns:xsi="http://www.w3.org/2001/XMLSchema-instance" xsi:noNamespaceSchemaLocation="https://maven.apache.org/surefire/maven-surefire-plugin/xsd/surefire-test-report.xsd" name="com.kokesoft.concurrency.PrintInOrderTest" time="0.098" tests="3" errors="0" skipped="0" failures="0">
  <properties>
[...]
</properties>
  <testcase name="threeTest" classname="com.kokesoft.concurrency.PrintInOrderTest" time="0.008"/>
  <testcase name="oneTest" classname="com.kokesoft.concurrency.PrintInOrderTest" time="0"/>
  <testcase name="twoTest" classname="com.kokesoft.concurrency.PrintInOrderTest" time="0.002"/>
</testsuite>