<?xml version="1.0" encoding="UTF-8"?>
<testsuite xmlns:xsi="http://www.w3.org/2001/XMLSchema-instance" xsi:noNamespaceSchemaLocation="https://maven.apache.org/surefire/maven-surefire-plugin/xsd/surefire-test-report.xsd" name="com.kokesoft.challenges.ReverseTest" time="0.012" tests="4" errors="0" skipped="0" failures="0">
  <properties>
[...]
</properties>
  <testcase name="cloneTest" classname="com.kokesoft.challenges.ReverseTest" time="0.003"/>
  <testcase name="reverseTest2" classname="com.kokesoft.challenges.ReverseTest" time="0.001"/>
  <testcase name="reverseTest3" classname="com.kokesoft.challenges.ReverseTest" time="0.001"/>
  <testcase name="reverseTest" classname="com.kokesoft.challenges.ReverseTest" time="0.003"/>
</testsuite>